<?xml version="1.0" encoding="UTF-8"?>
<testsuite name="powerpackage.powerfinderTest" tests="1" skipped="0" failures="0" errors="0" timestamp="2022-02-10T11:15:37" hostname="LAPTOP-2VNO4VDA" time="0.017">
  <properties/>
  <testcase name="one_raised_to_one_is_onew()" classname="powerpackage.powerfinderTest" time="0.017"/>
  <system-out><![CDATA[]]></system-out>
  <system-err><![CDATA[]]></system-err>
</testsuite>
